24/08/2018 05:13:14 | WebMvc.dll | Application_Error | WebMvc.MvcApplication | 56 | The column 'Id' was specified multiple times for 'MyDerivedTable'.
24/08/2018 05:14:27 | WebMvc.dll | Application_Start | WebMvc.MvcApplication | 28 | START APP
24/08/2018 05:17:17 | WebMvc.dll | Application_Error | WebMvc.MvcApplication | 56 | The column 'Id' was specified multiple times for 'MyDerivedTable'.
The column prefix 'P' does not match with a table name or alias name used in the query.
24/08/2018 05:38:42 | WebMvc.dll | Application_Start | WebMvc.MvcApplication | 28 | START APP
24/08/2018 05:38:53 | WebMvc.dll | Application_Error | WebMvc.MvcApplication | 56 | Object reference not set to an instance of an object.
24/08/2018 05:38:54 | WebMvc.dll | Application_Error | WebMvc.MvcApplication | 56 | Object reference not set to an instance of an object.
24/08/2018 05:40:00 | WebMvc.dll | Application_Start | WebMvc.MvcApplication | 28 | START APP
24/08/2018 07:16:09 | WebMvc.dll | Application_Error | WebMvc.MvcApplication | 56 | Object reference not set to an instance of an object.
24/08/2018 07:16:18 | WebMvc.dll | Application_Error | WebMvc.MvcApplication | 56 | Object reference not set to an instance of an object.
24/08/2018 07:16:47 | WebMvc.dll | Application_Error | WebMvc.MvcApplication | 56 | Object reference not set to an instance of an object.
24/08/2018 07:31:34 | WebMvc.dll | Application_Start | WebMvc.MvcApplication | 28 | START APP
24/08/2018 07:31:39 | WebMvc.dll | Application_Error | WebMvc.MvcApplication | 56 | Object reference not set to an instance of an object.
24/08/2018 07:32:49 | WebMvc.dll | Application_Error | WebMvc.MvcApplication | 56 | Incorrect syntax near 'b2'.
24/08/2018 07:33:37 | WebMvc.dll | Application_Start | WebMvc.MvcApplication | 28 | START APP
24/08/2018 07:36:01 | WebMvc.dll | Application_Error | WebMvc.MvcApplication | 56 | Incorrect syntax near 'b2'.
24/08/2018 07:40:57 | WebMvc.dll | Application_Start | WebMvc.MvcApplication | 28 | START APP
24/08/2018 07:40:57 | WebMvc.dll | Application_Error | WebMvc.MvcApplication | 56 | Path '/Themes/Gland/Views/Category/ShowBySlugProduct.cshtml' was not found.
24/08/2018 08:21:47 | WebMvc.dll | Application_Start | WebMvc.MvcApplication | 28 | START APP
24/08/2018 08:21:47 | WebMvc.dll | Application_Error | WebMvc.MvcApplication | 56 | Path '/Themes/Gland/Views/Home/Slider.cshtml' was not found.
24/08/2018 08:31:45 | WebMvc.dll | Application_Start | WebMvc.MvcApplication | 28 | START APP
24/08/2018 08:31:47 | WebMvc.dll | Application_Error | WebMvc.MvcApplication | 56 | Error executing child request for handler 'System.Web.Mvc.HttpHandlerUtil+ServerExecuteHttpHandlerAsyncWrapper'. INNER EXCEPTION: Cannot implicitly convert type 'System.Dynamic.ExpandoObject' to 'string'
24/08/2018 08:32:46 | WebMvc.dll | Application_Error | WebMvc.MvcApplication | 56 | Error executing child request for handler 'System.Web.Mvc.HttpHandlerUtil+ServerExecuteHttpHandlerAsyncWrapper'. INNER EXCEPTION: D:\IT\C#\Web\WebMvc\WebMvc\Themes\Gland\Views\Home\Slider.cshtml(4): error CS0266: Cannot implicitly convert type 'object' to 'string'. An explicit conversion exists (are you missing a cast?)
24/08/2018 08:33:01 | WebMvc.dll | Application_Error | WebMvc.MvcApplication | 56 | Error executing child request for handler 'System.Web.Mvc.HttpHandlerUtil+ServerExecuteHttpHandlerAsyncWrapper'. INNER EXCEPTION: Unable to cast object of type 'Newtonsoft.Json.Linq.JValue' to type 'System.String'.
24/08/2018 08:34:04 | WebMvc.dll | Application_Error | WebMvc.MvcApplication | 56 | Error executing child request for handler 'System.Web.Mvc.HttpHandlerUtil+ServerExecuteHttpHandlerAsyncWrapper'. INNER EXCEPTION: D:\IT\C#\Web\WebMvc\WebMvc\Themes\Gland\Views\Home\Slider.cshtml(11): error CS1002: ; expected
24/08/2018 08:36:39 | WebMvc.dll | Application_Start | WebMvc.MvcApplication | 28 | START APP
24/08/2018 08:36:40 | WebMvc.dll | Application_Error | WebMvc.MvcApplication | 56 | Path '/Themes/Gland/Views/Home/Slider.cshtml' was not found.
24/08/2018 08:41:36 | WebMvc.dll | Application_Start | WebMvc.MvcApplication | 28 | START APP
24/08/2018 09:01:09 | WebMvc.dll | Application_Error | WebMvc.MvcApplication | 56 | Object reference not set to an instance of an object.
24/08/2018 09:02:05 | WebMvc.dll | Application_Error | WebMvc.MvcApplication | 56 | D:\IT\C#\Web\WebMvc\WebMvc\Themes\Gland\Views\Category\ShowBySlugProduct.cshtml(8): error CS0266: Cannot implicitly convert type 'object' to 'string'. An explicit conversion exists (are you missing a cast?)
24/08/2018 09:04:43 | WebMvc.dll | Application_Error | WebMvc.MvcApplication | 56 | Error executing child request for handler 'System.Web.Mvc.HttpHandlerUtil+ServerExecuteHttpHandlerAsyncWrapper'. INNER EXCEPTION: D:\IT\C#\Web\WebMvc\WebMvc\Themes\Gland\Views\Home\Slider.cshtml(7): error CS1503: Argument 1: cannot convert from 'object' to 'byte[]'
24/08/2018 09:09:10 | WebMvc.dll | Application_Error | WebMvc.MvcApplication | 56 | Unexpected "while" keyword after "@" character.  Once inside code, you do not need to prefix constructs like "while" with "@".

24/08/2018 09:09:34 | WebMvc.dll | Application_Error | WebMvc.MvcApplication | 56 | Conversion failed when converting from a character string to uniqueidentifier.
24/08/2018 09:10:06 | WebMvc.dll | Application_Error | WebMvc.MvcApplication | 56 | Conversion failed when converting from a character string to uniqueidentifier.
24/08/2018 09:11:10 | WebMvc.dll | Application_Start | WebMvc.MvcApplication | 28 | START APP
24/08/2018 09:11:44 | WebMvc.dll | Application_Error | WebMvc.MvcApplication | 56 | Conversion failed when converting from a character string to uniqueidentifier.
24/08/2018 09:15:45 | WebMvc.dll | Application_Start | WebMvc.MvcApplication | 28 | START APP
24/08/2018 09:16:01 | WebMvc.dll | Application_Error | WebMvc.MvcApplication | 56 | Conversion failed when converting from a character string to uniqueidentifier.
24/08/2018 09:16:05 | WebMvc.dll | Application_Error | WebMvc.MvcApplication | 56 | Conversion failed when converting from a character string to uniqueidentifier.
24/08/2018 09:16:42 | WebMvc.dll | Application_Start | WebMvc.MvcApplication | 28 | START APP
24/08/2018 09:23:56 | WebMvc.dll | Application_Error | WebMvc.MvcApplication | 56 | A public action method 'AjaxProductForClass' was not found on controller 'WebMvc.Controllers.ProductController'.
26/08/2018 13:36:04 | WebMvc.dll | Application_Start | WebMvc.MvcApplication | 28 | START APP
26/08/2018 13:36:04 | WebMvc.dll | Application_Error | WebMvc.MvcApplication | 56 | Path '/Themes/Gland/Views/Product/ShowBySlug.cshtml' was not found.
27/08/2018 03:24:55 | WebMvc.dll | Application_Start | WebMvc.MvcApplication | 28 | START APP
27/08/2018 03:24:55 | WebMvc.dll | Application_Error | WebMvc.MvcApplication | 56 | Path '/Themes/Gland/Views/Product/ShowBySlug.cshtml' was not found.
27/08/2018 10:43:09 | WebMvc.dll | Application_Start | WebMvc.MvcApplication | 28 | START APP
27/08/2018 10:43:09 | WebMvc.dll | Application_Error | WebMvc.MvcApplication | 56 | Path '/Themes/LIGHTNA/Views/Home/Index.cshtml' was not found.
27/08/2018 10:45:33 | WebMvc.dll | Application_Start | WebMvc.MvcApplication | 28 | START APP
27/08/2018 10:46:27 | WebMvc.dll | Application_Start | WebMvc.MvcApplication | 28 | START APP
27/08/2018 10:46:29 | WebMvc.dll | Application_Error | WebMvc.MvcApplication | 56 | Object reference not set to an instance of an object.
27/08/2018 10:54:06 | WebMvc.dll | Application_Error | WebMvc.MvcApplication | 56 | The partial view 'TopShowroom' was not found or no view engine supports the searched locations. The following locations were searched:
~/Themes/LIGHTNA/Views/Ajax/TopShowroom.cshtml
~/Themes/LIGHTNA/Views/Shared/TopShowroom.cshtml
~/Themes/LIGHTNA/Views/Shared/Ajax/TopShowroom.cshtml
~/Themes/LIGHTNA/Views/Extensions/Ajax/TopShowroom.cshtml
~/Views/Extensions/Ajax/TopShowroom.cshtml
~/Views/Ajax/TopShowroom.cshtml
~/Views/Ajax/TopShowroom.vbhtml
~/Views/Shared/TopShowroom.cshtml
~/Views/Shared/TopShowroom.vbhtml
28/08/2018 02:59:50 | WebMvc.dll | Application_Start | WebMvc.MvcApplication | 28 | START APP
28/08/2018 03:12:07 | WebMvc.dll | Application_Start | WebMvc.MvcApplication | 28 | START APP
28/08/2018 03:12:08 | WebMvc.dll | Application_Error | WebMvc.MvcApplication | 56 | Cannot perform runtime binding on a null reference
28/08/2018 03:14:32 | WebMvc.dll | Application_Error | WebMvc.MvcApplication | 56 | Cannot perform runtime binding on a null reference
28/08/2018 03:14:56 | WebMvc.dll | Application_Error | WebMvc.MvcApplication | 56 | Cannot perform runtime binding on a null reference
28/08/2018 09:34:56 | WebMvc.dll | Application_Start | WebMvc.MvcApplication | 28 | START APP
28/08/2018 10:04:10 | WebMvc.dll | Application_Error | WebMvc.MvcApplication | 56 | Error executing child request for handler 'System.Web.Mvc.HttpHandlerUtil+ServerExecuteHttpHandlerAsyncWrapper'. INNER EXCEPTION: Could not find file 'D:\IT\C#\Web\WebMvc\WebMvc\Themes\lightna\config.json'.
28/08/2018 10:05:54 | WebMvc.dll | Application_Error | WebMvc.MvcApplication | 56 | Maximum request length exceeded.
28/08/2018 10:06:03 | WebMvc.dll | Application_Error | WebMvc.MvcApplication | 56 | Maximum request length exceeded.
28/08/2018 10:06:36 | WebMvc.dll | Application_Error | WebMvc.MvcApplication | 56 | Maximum request length exceeded.
28/08/2018 10:06:51 | WebMvc.dll | Application_Error | WebMvc.MvcApplication | 56 | Maximum request length exceeded.
28/08/2018 10:08:32 | WebMvc.dll | Application_Error | WebMvc.MvcApplication | 56 | The request /Content/Images/slider/20180319-150718.jpg?_=1535450906605 could not be understood by the server due to malformed syntax.
28/08/2018 10:10:28 | WebMvc.dll | Application_Start | WebMvc.MvcApplication | 28 | START APP
28/08/2018 10:10:28 | WebMvc.dll | Application_Error | WebMvc.MvcApplication | 56 | Path '/Themes/LIGHTNA/Views/Home/Slider.cshtml' was not found.
