30/01/2019 17:10:23 | WebMvc.dll | Application_Start | WebMvc.MvcApplication | 24 | START APP
10/02/2019 11:17:14 | WebMvc.dll | Application_Start | WebMvc.MvcApplication | 24 | START APP
10/02/2019 11:20:26 | WebMvc.dll | Application_Start | WebMvc.MvcApplication | 24 | START APP
10/02/2019 11:25:34 | WebMvc.dll | Application_Start | WebMvc.MvcApplication | 24 | START APP
10/02/2019 11:26:56 | WebMvc.dll | Application_Start | WebMvc.MvcApplication | 24 | START APP
10/02/2019 11:43:24 | WebMvc.dll | Application_Start | WebMvc.MvcApplication | 24 | START APP
11/02/2019 16:07:18 | WebMvc.dll | Application_Start | WebMvc.MvcApplication | 24 | START APP
11/02/2019 16:07:20 | WebMvc.dll | Application_Error | WebMvc.MvcApplication | 68 | Cannot open server 'aquatic' requested by the login. Client with IP address '14.167.75.12' is not allowed to access the server.  To enable access, use the Windows Azure Management Portal or run sp_set_firewall_rule on the master database to create a firewall rule for this IP address or address range.  It may take up to five minutes for this change to take effect.
11/02/2019 16:09:04 | WebMvc.dll | Application_Start | WebMvc.MvcApplication | 24 | START APP
11/02/2019 16:24:43 | WebMvc.dll | Application_Start | WebMvc.MvcApplication | 24 | START APP
11/02/2019 16:36:53 | WebMvc.dll | Application_Error | WebMvc.MvcApplication | 68 | F:\IT\C#\Web\WebMvc\WebMvc\Themes\Classiera\Views\Shared\_Layout.cshtml(9): error CS0117: 'Theme' does not contain a definition for 'ThemeUrl'
11/02/2019 16:37:14 | WebMvc.dll | Application_Start | WebMvc.MvcApplication | 24 | START APP
11/02/2019 16:37:19 | WebMvc.dll | Application_Error | WebMvc.MvcApplication | 68 | F:\IT\C#\Web\WebMvc\WebMvc\Themes\Classiera\Views\Shared\_Layout.cshtml(9): error CS0428: Cannot convert method group 'ThemeUrl' to non-delegate type 'string'. Did you intend to invoke the method?
11/02/2019 17:11:54 | WebMvc.dll | Application_Start | WebMvc.MvcApplication | 24 | START APP
12/02/2019 14:13:14 | WebMvc.dll | Application_Start | WebMvc.MvcApplication | 24 | START APP
12/02/2019 14:32:16 | WebMvc.dll | Application_Start | WebMvc.MvcApplication | 24 | START APP
12/02/2019 14:32:19 | WebMvc.dll | Application_Error | WebMvc.MvcApplication | 68 | Path '/Themes/Classiera/Views/Home/About.cshtml' was not found.
12/02/2019 14:32:47 | WebMvc.dll | Application_Error | WebMvc.MvcApplication | 68 | The view 'Index' or its master was not found or no view engine supports the searched locations. The following locations were searched:
~/Themes/Classiera/Views/About/Index.cshtml
~/Themes/Classiera/Views/Extensions/About/Index.cshtml
~/Views/Extensions/About/Index.cshtml
~/Views/About/Index.cshtml
~/Views/About/Index.vbhtml
~/Views/Shared/Index.cshtml
~/Views/Shared/Index.vbhtml
12/02/2019 15:55:04 | WebMvc.dll | Application_Start | WebMvc.MvcApplication | 24 | START APP
12/02/2019 16:25:24 | mscorlib.dll | InvokeMethod | System.RuntimeMethodHandle | 0 | START APP
13/02/2019 14:14:02 | WebMvc.dll | Application_Start | WebMvc.MvcApplication | 24 | START APP
13/02/2019 14:38:10 | WebMvc.dll | Application_Error | WebMvc.MvcApplication | 68 | F:\IT\C#\Web\WebMvc\WebMvc\Themes\Classiera\Views\Shared\_Header.cshtml(83): error CS0117: 'AppHelpers' does not contain a definition for 'CheckActiveMenu'
13/02/2019 14:38:29 | WebMvc.dll | Application_Start | WebMvc.MvcApplication | 24 | START APP
13/02/2019 14:44:31 | WebMvc.dll | Application_Start | WebMvc.MvcApplication | 24 | START APP
13/02/2019 15:04:56 | WebMvc.dll | Application_Start | WebMvc.MvcApplication | 24 | START APP
13/02/2019 15:05:08 | WebMvc.dll | Application_Error | WebMvc.MvcApplication | 68 | Resolution of the dependency failed, type = 'System.Web.Mvc.UrlHelper', name = '(none)'.
Exception occurred while: while resolving.
Exception is: InvalidOperationException - The current type, System.Web.HttpContextBase, is an abstract class and cannot be constructed. Are you missing a type mapping?
-----------------------------------------------
At the time of the exception, the container was: 
  Resolving System.Web.Mvc.UrlHelper,(none)
  Resolving parameter 'requestContext' of constructor System.Web.Mvc.UrlHelper(System.Web.Routing.RequestContext requestContext, System.Web.Routing.RouteCollection routeCollection)
    Resolving System.Web.Routing.RequestContext,(none)
    Resolving parameter 'httpContext' of constructor System.Web.Routing.RequestContext(System.Web.HttpContextBase httpContext, System.Web.Routing.RouteData routeData)
      Resolving System.Web.HttpContextBase,(none)
 INNER EXCEPTION: The current type, System.Web.HttpContextBase, is an abstract class and cannot be constructed. Are you missing a type mapping?
13/02/2019 15:05:39 | WebMvc.dll | Application_Error | WebMvc.MvcApplication | 68 | Resolution of the dependency failed, type = 'System.Web.Mvc.UrlHelper', name = '(none)'.
Exception occurred while: while resolving.
Exception is: InvalidOperationException - The current type, System.Web.HttpContextBase, is an abstract class and cannot be constructed. Are you missing a type mapping?
-----------------------------------------------
At the time of the exception, the container was: 
  Resolving System.Web.Mvc.UrlHelper,(none)
  Resolving parameter 'requestContext' of constructor System.Web.Mvc.UrlHelper(System.Web.Routing.RequestContext requestContext, System.Web.Routing.RouteCollection routeCollection)
    Resolving System.Web.Routing.RequestContext,(none)
    Resolving parameter 'httpContext' of constructor System.Web.Routing.RequestContext(System.Web.HttpContextBase httpContext, System.Web.Routing.RouteData routeData)
      Resolving System.Web.HttpContextBase,(none)
 INNER EXCEPTION: The current type, System.Web.HttpContextBase, is an abstract class and cannot be constructed. Are you missing a type mapping?
13/02/2019 15:07:43 | WebMvc.dll | Application_Start | WebMvc.MvcApplication | 24 | START APP
13/02/2019 15:08:42 | WebMvc.dll | Application_Error | WebMvc.MvcApplication | 68 | Resolution of the dependency failed, type = 'System.Web.Mvc.UrlHelper', name = '(none)'.
Exception occurred while: while resolving.
Exception is: InvalidOperationException - The current type, System.Web.HttpContextBase, is an abstract class and cannot be constructed. Are you missing a type mapping?
-----------------------------------------------
At the time of the exception, the container was: 
  Resolving System.Web.Mvc.UrlHelper,(none)
  Resolving parameter 'requestContext' of constructor System.Web.Mvc.UrlHelper(System.Web.Routing.RequestContext requestContext, System.Web.Routing.RouteCollection routeCollection)
    Resolving System.Web.Routing.RequestContext,(none)
    Resolving parameter 'httpContext' of constructor System.Web.Routing.RequestContext(System.Web.HttpContextBase httpContext, System.Web.Routing.RouteData routeData)
      Resolving System.Web.HttpContextBase,(none)
 INNER EXCEPTION: The current type, System.Web.HttpContextBase, is an abstract class and cannot be constructed. Are you missing a type mapping?
13/02/2019 15:57:11 | WebMvc.dll | Application_Start | WebMvc.MvcApplication | 24 | START APP
13/02/2019 16:05:20 | WebMvc.dll | Application_Start | WebMvc.MvcApplication | 24 | START APP
13/02/2019 16:06:56 | WebMvc.dll | Application_Start | WebMvc.MvcApplication | 24 | START APP
13/02/2019 16:26:18 | mscorlib.dll | InvokeMethod | System.RuntimeMethodHandle | 0 | START APP
14/02/2019 12:20:08 | WebMvc.dll | Application_Start | WebMvc.MvcApplication | 24 | START APP
14/02/2019 12:50:19 | WebMvc.dll | Application_Start | WebMvc.MvcApplication | 24 | START APP
14/02/2019 14:06:01 | WebMvc.dll | Application_Error | WebMvc.MvcApplication | 68 | F:\IT\C#\Web\WebMvc\WebMvc\Themes\Classiera\Views\Shared\_Header.cshtml(53): error CS0117: 'AppConstants' does not contain a definition for 'STLockRegister'
14/02/2019 14:09:27 | WebMvc.dll | Application_Start | WebMvc.MvcApplication | 24 | START APP
14/02/2019 14:10:59 | WebMvc.dll | Application_Error | WebMvc.MvcApplication | 68 | C:\Users\kaisermtv\AppData\Local\Temp\Temporary ASP.NET Files\vs\556b0bd1\211e052\App_Web_index.cshtml.818c3e40.rkhytw8j.0.cs(37): error CS0234: The type or namespace name 'Domain' does not exist in the namespace 'WebMvc' (are you missing an assembly reference?)
14/02/2019 14:11:24 | WebMvc.dll | Application_Error | WebMvc.MvcApplication | 68 | C:\Users\kaisermtv\AppData\Local\Temp\Temporary ASP.NET Files\vs\556b0bd1\211e052\App_Web_index.cshtml.818c3e40.agwvhtz2.0.cs(37): error CS0234: The type or namespace name 'Domain' does not exist in the namespace 'WebMvc' (are you missing an assembly reference?)
14/02/2019 14:12:54 | WebMvc.dll | Application_Error | WebMvc.MvcApplication | 68 | C:\Users\kaisermtv\AppData\Local\Temp\Temporary ASP.NET Files\vs\556b0bd1\211e052\App_Web_index.cshtml.818c3e40.qxy-hczs.0.cs(37): error CS0234: The type or namespace name 'Domain' does not exist in the namespace 'WebMvc' (are you missing an assembly reference?)
14/02/2019 14:12:57 | WebMvc.dll | Application_Error | WebMvc.MvcApplication | 68 | C:\Users\kaisermtv\AppData\Local\Temp\Temporary ASP.NET Files\vs\556b0bd1\211e052\App_Web_index.cshtml.818c3e40.qxy-hczs.0.cs(37): error CS0234: The type or namespace name 'Domain' does not exist in the namespace 'WebMvc' (are you missing an assembly reference?)
14/02/2019 14:28:55 | WebMvc.dll | Application_Start | WebMvc.MvcApplication | 24 | START APP
14/02/2019 14:31:47 | WebMvc.dll | Application_Error | WebMvc.MvcApplication | 68 | C:\Users\kaisermtv\AppData\Local\Temp\Temporary ASP.NET Files\vs\556b0bd1\211e052\App_Web_index.cshtml.818c3e40.o1ld8_6-.0.cs(37): error CS0234: The type or namespace name 'Domain' does not exist in the namespace 'WebMvc' (are you missing an assembly reference?)
14/02/2019 14:46:13 | WebMvc.dll | Application_Error | WebMvc.MvcApplication | 68 | C:\Users\kaisermtv\AppData\Local\Temp\Temporary ASP.NET Files\vs\556b0bd1\211e052\App_Web_index.cshtml.818c3e40.dbidla8v.0.cs(37): error CS0234: The type or namespace name 'Domain' does not exist in the namespace 'WebMvc' (are you missing an assembly reference?)
