14/02/2019 14:53:15 | WebMvc.dll | Application_Error | WebMvc.MvcApplication | 68 | C:\Users\kaisermtv\AppData\Local\Temp\Temporary ASP.NET Files\vs\556b0bd1\211e052\App_Web_index.cshtml.818c3e40.uqqrmxf_.0.cs(37): error CS0234: The type or namespace name 'Domain' does not exist in the namespace 'WebMvc' (are you missing an assembly reference?)
14/02/2019 15:12:53 | WebMvc.dll | Application_Start | WebMvc.MvcApplication | 24 | START APP
14/02/2019 15:13:31 | WebMvc.dll | Application_Start | WebMvc.MvcApplication | 24 | START APP
14/02/2019 15:15:01 | WebMvc.dll | Application_Error | WebMvc.MvcApplication | 68 | C:\Users\kaisermtv\AppData\Local\Temp\Temporary ASP.NET Files\vs\556b0bd1\211e052\App_Web_index.cshtml.818c3e40.i-wmxmx3.0.cs(37): error CS0234: The type or namespace name 'Domain' does not exist in the namespace 'WebMvc' (are you missing an assembly reference?)
14/02/2019 15:17:48 | WebMvc.dll | Application_Error | WebMvc.MvcApplication | 68 | Unexpected "if" keyword after "@" character.  Once inside code, you do not need to prefix constructs like "if" with "@".

17/02/2019 07:49:59 | WebMvc.dll | Application_Start | WebMvc.MvcApplication | 24 | START APP
19/02/2019 15:48:49 | WebMvc.dll | Application_Start | WebMvc.MvcApplication | 24 | START APP
19/02/2019 15:48:53 | WebMvc.dll | Application_Error | WebMvc.MvcApplication | 68 | Path '/Themes/Classiera/Views/Product/index.cshtml' was not found.
19/02/2019 16:10:11 | WebMvc.dll | CreateProduct | WebMvc.Areas.Admin.Controllers.AdminProductController | 481 | Object reference not set to an instance of an object.
19/02/2019 16:10:21 | WebMvc.dll | CreateProduct | WebMvc.Areas.Admin.Controllers.AdminProductController | 481 | Object reference not set to an instance of an object.
19/02/2019 16:10:36 | WebMvc.dll | CreateProduct | WebMvc.Areas.Admin.Controllers.AdminProductController | 481 | Object reference not set to an instance of an object.
19/02/2019 16:11:48 | WebMvc.dll | Application_Start | WebMvc.MvcApplication | 24 | START APP
19/02/2019 16:13:09 | WebMvc.dll | CreateProduct | WebMvc.Areas.Admin.Controllers.AdminProductController | 481 | Object reference not set to an instance of an object.
19/02/2019 16:13:48 | WebMvc.dll | CreateProduct | WebMvc.Areas.Admin.Controllers.AdminProductController | 481 | Object reference not set to an instance of an object.
19/02/2019 16:14:22 | WebMvc.dll | CreateProduct | WebMvc.Areas.Admin.Controllers.AdminProductController | 481 | Object reference not set to an instance of an object.
19/02/2019 16:18:17 | WebMvc.dll | CreateProduct | WebMvc.Areas.Admin.Controllers.AdminProductController | 481 | Object reference not set to an instance of an object.
19/02/2019 16:18:27 | WebMvc.dll | CreateProduct | WebMvc.Areas.Admin.Controllers.AdminProductController | 481 | Object reference not set to an instance of an object.
19/02/2019 16:19:23 | WebMvc.dll | CreateProduct | WebMvc.Areas.Admin.Controllers.AdminProductController | 481 | Object reference not set to an instance of an object.
19/02/2019 16:19:42 | WebMvc.dll | CreateProduct | WebMvc.Areas.Admin.Controllers.AdminProductController | 481 | Object reference not set to an instance of an object.
19/02/2019 16:26:12 | WebMvc.dll | Application_Start | WebMvc.MvcApplication | 24 | START APP
19/02/2019 16:26:17 | WebMvc.dll | Application_Error | WebMvc.MvcApplication | 68 | The parameters dictionary contains a null entry for parameter 'g' of non-nullable type 'System.Guid' for method 'System.Web.Mvc.ActionResult CreateProduct(System.Guid)' in 'WebMvc.Areas.Admin.Controllers.AdminProductController'. An optional parameter must be a reference type, a nullable type, or be declared as an optional parameter.
Parameter name: parameters
19/02/2019 16:27:31 | WebMvc.dll | Application_Error | WebMvc.MvcApplication | 68 | The parameters dictionary contains a null entry for parameter 'g' of non-nullable type 'System.Guid' for method 'System.Web.Mvc.ActionResult CreateProduct(System.Guid)' in 'WebMvc.Areas.Admin.Controllers.AdminProductController'. An optional parameter must be a reference type, a nullable type, or be declared as an optional parameter.
Parameter name: parameters
20/02/2019 16:02:24 | WebMvc.dll | Application_Start | WebMvc.MvcApplication | 24 | START APP
20/02/2019 18:25:20 | WebMvc.dll | Application_Start | WebMvc.MvcApplication | 24 | START APP
20/02/2019 18:25:21 | WebMvc.dll | Application_Error | WebMvc.MvcApplication | 68 | Path '/Themes/Classiera/Views/Product/index.cshtml' was not found.
22/02/2019 17:20:19 | WebMvc.dll | Application_Start | WebMvc.MvcApplication | 24 | START APP
22/02/2019 17:21:31 | WebMvc.dll | Application_Error | WebMvc.MvcApplication | 68 | Resolution of the dependency failed, type = 'System.Web.Mvc.UrlHelper', name = '(none)'.
Exception occurred while: while resolving.
Exception is: InvalidOperationException - The current type, System.Web.HttpContextBase, is an abstract class and cannot be constructed. Are you missing a type mapping?
-----------------------------------------------
At the time of the exception, the container was: 
  Resolving System.Web.Mvc.UrlHelper,(none)
  Resolving parameter 'requestContext' of constructor System.Web.Mvc.UrlHelper(System.Web.Routing.RequestContext requestContext, System.Web.Routing.RouteCollection routeCollection)
    Resolving System.Web.Routing.RequestContext,(none)
    Resolving parameter 'httpContext' of constructor System.Web.Routing.RequestContext(System.Web.HttpContextBase httpContext, System.Web.Routing.RouteData routeData)
      Resolving System.Web.HttpContextBase,(none)
 INNER EXCEPTION: The current type, System.Web.HttpContextBase, is an abstract class and cannot be constructed. Are you missing a type mapping?
22/02/2019 17:34:36 | WebMvc.dll | Application_Start | WebMvc.MvcApplication | 24 | START APP
22/02/2019 17:34:43 | WebMvc.dll | Application_Error | WebMvc.MvcApplication | 68 | Value cannot be null.
Parameter name: routeCollection
22/02/2019 19:13:21 | WebMvc.dll | Application_Start | WebMvc.MvcApplication | 24 | START APP
23/02/2019 06:42:02 | WebMvc.dll | Application_Start | WebMvc.MvcApplication | 24 | START APP
23/02/2019 06:42:04 | WebMvc.dll | Application_Error | WebMvc.MvcApplication | 68 | Path '/Themes/Classiera/Views/Product/index.cshtml' was not found.
23/02/2019 07:14:24 | WebMvc.dll | Application_Start | WebMvc.MvcApplication | 24 | START APP
23/02/2019 07:23:29 | WebMvc.dll | Application_Start | WebMvc.MvcApplication | 24 | START APP
23/02/2019 07:30:37 | WebMvc.dll | Application_Error | WebMvc.MvcApplication | 68 | The request /Content/Images/product/shoes.png?_=1550907019822 could not be understood by the server due to malformed syntax.
23/02/2019 07:37:47 | WebMvc.dll | Application_Error | WebMvc.MvcApplication | 68 | No route in the route table matches the supplied values.
23/02/2019 07:43:50 | WebMvc.dll | Application_Error | WebMvc.MvcApplication | 68 | No route in the route table matches the supplied values.
23/02/2019 07:47:47 | WebMvc.dll | Application_Error | WebMvc.MvcApplication | 68 | No route in the route table matches the supplied values.
23/02/2019 07:59:10 | WebMvc.dll | Application_Error | WebMvc.MvcApplication | 68 | F:\IT\C#\Web\WebMvc\WebMvc\Themes\Classiera\Views\Product\ShowBySlug.cshtml(1123): error CS0103: The name 'context' does not exist in the current context
23/02/2019 08:00:17 | WebMvc.dll | Application_Error | WebMvc.MvcApplication | 68 | F:\IT\C#\Web\WebMvc\WebMvc\Themes\Classiera\Views\Product\ShowBySlug.cshtml(1123): error CS0103: The name 'id' does not exist in the current context
23/02/2019 08:00:32 | WebMvc.dll | Application_Error | WebMvc.MvcApplication | 68 | F:\IT\C#\Web\WebMvc\WebMvc\Themes\Classiera\Views\Product\ShowBySlug.cshtml(1127): error CS0103: The name 'type' does not exist in the current context
23/02/2019 08:00:57 | WebMvc.dll | Application_Error | WebMvc.MvcApplication | 68 | F:\IT\C#\Web\WebMvc\WebMvc\Themes\Classiera\Views\Product\ShowBySlug.cshtml(1127): error CS0103: The name 'type' does not exist in the current context
23/02/2019 08:03:57 | WebMvc.dll | Application_Error | WebMvc.MvcApplication | 68 | F:\IT\C#\Web\WebMvc\WebMvc\Themes\Classiera\Views\Product\ShowBySlug.cshtml(24): error CS0103: The name 'theme' does not exist in the current context
23/02/2019 08:04:23 | WebMvc.dll | Application_Error | WebMvc.MvcApplication | 68 | F:\IT\C#\Web\WebMvc\WebMvc\Themes\Classiera\Views\Product\ShowBySlug.cshtml(9): error CS0246: The type or namespace name 'Theme' could not be found (are you missing a using directive or an assembly reference?)
23/02/2019 08:04:58 | WebMvc.dll | Application_Error | WebMvc.MvcApplication | 68 | The file "~/Themes/Classiera/Views/Product/ShowBySlug.cshtml" cannot be requested directly because it calls the "RenderSection" method.
23/02/2019 08:09:33 | WebMvc.dll | Application_Start | WebMvc.MvcApplication | 24 | START APP
23/02/2019 08:25:33 | WebMvc.dll | Application_Start | WebMvc.MvcApplication | 24 | START APP
23/02/2019 09:39:54 | WebMvc.dll | Application_Error | WebMvc.MvcApplication | 68 | F:\IT\C#\Web\WebMvc\WebMvc\Themes\Classiera\Views\Product\ShowBySlug.cshtml(64): error CS1929: 'Category' does not contain a definition for 'GetLink' and the best extension method overload 'ModelExtensions.GetLink(Product)' requires a receiver of type 'Product'
23/02/2019 09:40:14 | WebMvc.dll | Application_Start | WebMvc.MvcApplication | 24 | START APP
23/02/2019 09:40:16 | WebMvc.dll | Application_Error | WebMvc.MvcApplication | 68 | Path '/Themes/Classiera/Views/Product/ShowBySlug.cshtml' was not found.
23/02/2019 10:14:45 | mscorlib.dll | InvokeMethod | System.RuntimeMethodHandle | 0 | START APP
23/02/2019 10:33:37 | mscorlib.dll | InvokeMethod | System.RuntimeMethodHandle | 0 | START APP
23/02/2019 10:36:45 | mscorlib.dll | InvokeMethod | System.RuntimeMethodHandle | 0 | START APP
23/02/2019 10:38:10 | mscorlib.dll | InvokeMethod | System.RuntimeMethodHandle | 0 | START APP
